<?xml version="1.0" encoding="UTF-8"?>
<!-- Generated by org.testng.reporters.JUnitXMLReporter -->
<testsuite hostname="Devanshi" ignored="0" name="HomePage" tests="3" failures="0" timestamp="14 Apr 2020 03:28:23 GMT" time="46.375" errors="0">
  <testcase name="basePaseNevigation" time="6.945" classname="EndToEnd.HomePage"/>
  <testcase name="basePaseNevigation" time="4.931" classname="EndToEnd.HomePage"/>
  <testcase name="basePaseNevigation" time="12.327" classname="EndToEnd.HomePage"/>
</testsuite> <!-- HomePage -->
