<?xml version="1.0" encoding="UTF-8"?>
<!-- Generated by org.testng.reporters.JUnitXMLReporter -->
<testsuite hostname="Devanshi" ignored="0" name="Test" tests="4" failures="0" timestamp="14 Apr 2020 02:36:03 GMT" time="50.389" errors="0">
  <testcase name="basePaseNevigation" time="5.416" classname="EndToEnd.HomePage"/>
  <testcase name="basePaseNevigation" time="4.556" classname="EndToEnd.HomePage"/>
  <testcase name="basePaseNevigation" time="9.939" classname="EndToEnd.HomePage"/>
  <testcase name="basePaseNevigation" time="0.415" classname="EndToEnd.ValidationUsingAssertion"/>
</testsuite> <!-- Test -->
