<?xml version="1.0" encoding="UTF-8"?>
<testsuite xmlns:xsi="http://www.w3.org/2001/XMLSchema-instance" xsi:noNamespaceSchemaLocation="https://maven.apache.org/surefire/maven-surefire-plugin/xsd/surefire-test-report.xsd" name="TestSuite" time="53.645" tests="4" errors="0" skipped="0" failures="0">
  <properties>
[...]
</properties>
  <testcase name="basePaseNevigation" classname="EndToEnd.HomePage" time="5.417"/>
  <testcase name="basePaseNevigation" classname="EndToEnd.HomePage" time="4.556"/>
  <testcase name="basePaseNevigation" classname="EndToEnd.HomePage" time="9.935"/>
  <testcase name="basePaseNevigation" classname="EndToEnd.ValidationUsingAssertion" time="0.415"/>
</testsuite>