<?xml version="1.0" encoding="UTF-8"?>
<testng-results skipped="0" failed="0" ignored="0" total="4" passed="4">
  <reporter-output>
  </reporter-output>
  <suite name="Suite" duration-ms="50389" started-at="2020-04-14T02:35:13Z" finished-at="2020-04-14T02:36:03Z">
    <groups>
    </groups>
    <test name="Test" duration-ms="50389" started-at="2020-04-14T02:35:13Z" finished-at="2020-04-14T02:36:03Z">
      <class name="EndToEnd.HomePage">
        <test-method status="PASS" signature="openBrowser()[pri:0, instance:EndToEnd.HomePage@700fb871]" name="openBrowser" is-config="true" duration-ms="15741" started-at="2020-04-14T02:35:13Z" finished-at="2020-04-14T02:35:28Z">
          <reporter-output>
          </reporter-output>
        </test-method> <!-- openBrowser -->
        <test-method status="PASS" signature="openBrowser()[pri:0, instance:EndToEnd.ValidationUsingAssertion@3b35a229]" name="openBrowser" is-config="true" duration-ms="14150" started-at="2020-04-14T02:35:28Z" finished-at="2020-04-14T02:35:43Z">
          <reporter-output>
          </reporter-output>
        </test-method> <!-- openBrowser -->
        <test-method status="PASS" signature="basePaseNevigation(java.lang.String, java.lang.String)[pri:0, instance:EndToEnd.HomePage@700fb871]" name="basePaseNevigation" duration-ms="5416" started-at="2020-04-14T02:35:43Z" data-provider="dataSet" finished-at="2020-04-14T02:35:48Z">
          <params>
            <param index="0">
              <value>
                <![CDATA[dev.com]]>
              </value>
            </param>
            <param index="1">
              <value>
                <![CDATA[1234]]>
              </value>
            </param>
          </params>
          <reporter-output>
          </reporter-output>
        </test-method> <!-- basePaseNevigation -->
        <test-method status="PASS" signature="basePaseNevigation(java.lang.String, java.lang.String)[pri:0, instance:EndToEnd.HomePage@700fb871]" name="basePaseNevigation" duration-ms="4556" started-at="2020-04-14T02:35:48Z" data-provider="dataSet" finished-at="2020-04-14T02:35:53Z">
          <params>
            <param index="0">
              <value>
                <![CDATA[gmail.com]]>
              </value>
            </param>
            <param index="1">
              <value>
                <![CDATA[789saas]]>
              </value>
            </param>
          </params>
          <reporter-output>
          </reporter-output>
        </test-method> <!-- basePaseNevigation -->
        <test-method status="PASS" signature="basePaseNevigation(java.lang.String, java.lang.String)[pri:0, instance:EndToEnd.HomePage@700fb871]" name="basePaseNevigation" duration-ms="9939" started-at="2020-04-14T02:35:53Z" data-provider="dataSet" finished-at="2020-04-14T02:36:02Z">
          <params>
            <param index="0">
              <value>
                <![CDATA[devusojitra@gmail.com]]>
              </value>
            </param>
            <param index="1">
              <value>
                <![CDATA[Ganeshji1@]]>
              </value>
            </param>
          </params>
          <reporter-output>
          </reporter-output>
        </test-method> <!-- basePaseNevigation -->
        <test-method status="PASS" signature="closeBrowser()[pri:0, instance:EndToEnd.HomePage@700fb871]" name="closeBrowser" is-config="true" duration-ms="142" started-at="2020-04-14T02:36:03Z" finished-at="2020-04-14T02:36:03Z">
          <reporter-output>
          </reporter-output>
        </test-method> <!-- closeBrowser -->
      </class> <!-- EndToEnd.HomePage -->
      <class name="EndToEnd.ValidationUsingAssertion">
        <test-method status="PASS" signature="basePaseNevigation()[pri:0, instance:EndToEnd.ValidationUsingAssertion@3b35a229]" name="basePaseNevigation" duration-ms="415" started-at="2020-04-14T02:36:02Z" finished-at="2020-04-14T02:36:03Z">
          <reporter-output>
          </reporter-output>
        </test-method> <!-- basePaseNevigation -->
      </class> <!-- EndToEnd.ValidationUsingAssertion -->
    </test> <!-- Test -->
  </suite> <!-- Suite -->
</testng-results>
