<?xml version="1.0" encoding="UTF-8"?>
<testng-results skipped="0" failed="0" ignored="0" total="4" passed="4">
  <reporter-output>
  </reporter-output>
  <suite name="Suite" duration-ms="64068" started-at="2020-04-14T03:27:36Z" finished-at="2020-04-14T03:28:40Z">
    <groups>
    </groups>
    <test name="Test" duration-ms="15" started-at="2020-04-14T03:27:36Z" finished-at="2020-04-14T03:27:36Z">
    </test> <!-- Test -->
    <test name="HomePage" duration-ms="46375" started-at="2020-04-14T03:27:36Z" finished-at="2020-04-14T03:28:23Z">
      <class name="EndToEnd.HomePage">
        <test-method status="PASS" signature="openBrowser()[pri:0, instance:EndToEnd.HomePage@6821c63c]" name="openBrowser" is-config="true" duration-ms="21772" started-at="2020-04-14T03:27:36Z" finished-at="2020-04-14T03:27:58Z">
          <reporter-output>
          </reporter-output>
        </test-method> <!-- openBrowser -->
        <test-method status="PASS" signature="basePaseNevigation(java.lang.String, java.lang.String)[pri:0, instance:EndToEnd.HomePage@6821c63c]" name="basePaseNevigation" duration-ms="6945" started-at="2020-04-14T03:27:58Z" data-provider="dataSet" finished-at="2020-04-14T03:28:05Z">
          <params>
            <param index="0">
              <value>
                <![CDATA[dev.com]]>
              </value>
            </param>
            <param index="1">
              <value>
                <![CDATA[1234]]>
              </value>
            </param>
          </params>
          <reporter-output>
          </reporter-output>
        </test-method> <!-- basePaseNevigation -->
        <test-method status="PASS" signature="basePaseNevigation(java.lang.String, java.lang.String)[pri:0, instance:EndToEnd.HomePage@6821c63c]" name="basePaseNevigation" duration-ms="4931" started-at="2020-04-14T03:28:05Z" data-provider="dataSet" finished-at="2020-04-14T03:28:10Z">
          <params>
            <param index="0">
              <value>
                <![CDATA[gmail.com]]>
              </value>
            </param>
            <param index="1">
              <value>
                <![CDATA[789saas]]>
              </value>
            </param>
          </params>
          <reporter-output>
          </reporter-output>
        </test-method> <!-- basePaseNevigation -->
        <test-method status="PASS" signature="basePaseNevigation(java.lang.String, java.lang.String)[pri:0, instance:EndToEnd.HomePage@6821c63c]" name="basePaseNevigation" duration-ms="12327" started-at="2020-04-14T03:28:10Z" data-provider="dataSet" finished-at="2020-04-14T03:28:22Z">
          <params>
            <param index="0">
              <value>
                <![CDATA[devusojitra@gmail.com]]>
              </value>
            </param>
            <param index="1">
              <value>
                <![CDATA[Ganeshji1@]]>
              </value>
            </param>
          </params>
          <reporter-output>
          </reporter-output>
        </test-method> <!-- basePaseNevigation -->
        <test-method status="PASS" signature="closeBrowser()[pri:0, instance:EndToEnd.HomePage@6821c63c]" name="closeBrowser" is-config="true" duration-ms="323" started-at="2020-04-14T03:28:22Z" finished-at="2020-04-14T03:28:23Z">
          <reporter-output>
          </reporter-output>
        </test-method> <!-- closeBrowser -->
      </class> <!-- EndToEnd.HomePage -->
    </test> <!-- HomePage -->
    <test name="ValidationUsingAssertion" duration-ms="17631" started-at="2020-04-14T03:28:23Z" finished-at="2020-04-14T03:28:40Z">
      <class name="EndToEnd.ValidationUsingAssertion">
        <test-method status="PASS" signature="openBrowser()[pri:0, instance:EndToEnd.ValidationUsingAssertion@7582a16b]" name="openBrowser" is-config="true" duration-ms="16419" started-at="2020-04-14T03:28:23Z" finished-at="2020-04-14T03:28:39Z">
          <reporter-output>
          </reporter-output>
        </test-method> <!-- openBrowser -->
        <test-method status="PASS" signature="basePaseNevigation()[pri:0, instance:EndToEnd.ValidationUsingAssertion@7582a16b]" name="basePaseNevigation" duration-ms="1206" started-at="2020-04-14T03:28:39Z" finished-at="2020-04-14T03:28:40Z">
          <reporter-output>
          </reporter-output>
        </test-method> <!-- basePaseNevigation -->
      </class> <!-- EndToEnd.ValidationUsingAssertion -->
    </test> <!-- ValidationUsingAssertion -->
  </suite> <!-- Suite -->
</testng-results>
